<?xml version="1.0" encoding="UTF-8"?>
<testng-results ignored="0" total="3" passed="3" failed="0" skipped="0">
  <reporter-output>
  </reporter-output>
  <suite started-at="2024-12-18T16:11:51 IST" name="Default suite" finished-at="2024-12-18T16:12:48 IST" duration-ms="57616">
    <groups>
      <group name="cucumber">
        <method signature="AbstractTestNGCucumberTests.runScenario(io.cucumber.testng.PickleWrapper,io.cucumber.testng.FeatureWrapper)[pri:0, instance:testRunner.AppTest@3eb25e1a]" name="runScenario" class="io.cucumber.testng.AbstractTestNGCucumberTests"/>
      </group> <!-- cucumber -->
    </groups>
    <test started-at="2024-12-18T16:11:51 IST" name="Default test" finished-at="2024-12-18T16:12:48 IST" duration-ms="57616">
      <class name="testRunner.AppTest">
        <test-method is-config="true" signature="setUpClass(org.testng.ITestContext)[pri:0, instance:testRunner.AppTest@3eb25e1a]" started-at="2024-12-18T16:11:51 IST" name="setUpClass" finished-at="2024-12-18T16:11:52 IST" duration-ms="916" status="PASS">
          <params>
            <param index="0">
              <value>
                <![CDATA[org.testng.TestRunner@51c65a43]]>
              </value>
            </param>
          </params>
          <reporter-output>
          </reporter-output>
        </test-method> <!-- setUpClass -->
        <test-method signature="runScenario(io.cucumber.testng.PickleWrapper,io.cucumber.testng.FeatureWrapper)[pri:0, instance:testRunner.AppTest@3eb25e1a]" started-at="2024-12-18T16:11:52 IST" name="runScenario" description="Runs Cucumber Scenarios" data-provider="scenarios" finished-at="2024-12-18T16:12:14 IST" duration-ms="22004" status="PASS">
          <params>
            <param index="0">
              <value>
                <![CDATA["Supplier creation Functionality Validation"]]>
              </value>
            </param>
            <param index="1">
              <value>
                <![CDATA["validating ERP tests"]]>
              </value>
            </param>
          </params>
          <reporter-output>
          </reporter-output>
        </test-method> <!-- runScenario -->
        <test-method signature="runScenario(io.cucumber.testng.PickleWrapper,io.cucumber.testng.FeatureWrapper)[pri:0, instance:testRunner.AppTest@3eb25e1a]" started-at="2024-12-18T16:12:14 IST" name="runScenario" description="Runs Cucumber Scenarios" data-provider="scenarios" finished-at="2024-12-18T16:12:31 IST" duration-ms="17565" status="PASS">
          <params>
            <param index="0">
              <value>
                <![CDATA["Supplier creation Functionality Validation"]]>
              </value>
            </param>
            <param index="1">
              <value>
                <![CDATA["validating ERP tests"]]>
              </value>
            </param>
          </params>
          <reporter-output>
          </reporter-output>
        </test-method> <!-- runScenario -->
        <test-method signature="runScenario(io.cucumber.testng.PickleWrapper,io.cucumber.testng.FeatureWrapper)[pri:0, instance:testRunner.AppTest@3eb25e1a]" started-at="2024-12-18T16:12:31 IST" name="runScenario" description="Runs Cucumber Scenarios" data-provider="scenarios" finished-at="2024-12-18T16:12:48 IST" duration-ms="16992" status="PASS">
          <params>
            <param index="0">
              <value>
                <![CDATA["Supplier creation Functionality Validation"]]>
              </value>
            </param>
            <param index="1">
              <value>
                <![CDATA["validating ERP tests"]]>
              </value>
            </param>
          </params>
          <reporter-output>
          </reporter-output>
        </test-method> <!-- runScenario -->
        <test-method is-config="true" signature="tearDownClass()[pri:0, instance:testRunner.AppTest@3eb25e1a]" started-at="2024-12-18T16:12:48 IST" name="tearDownClass" finished-at="2024-12-18T16:12:48 IST" duration-ms="59" status="PASS">
          <reporter-output>
          </reporter-output>
        </test-method> <!-- tearDownClass -->
      </class> <!-- testRunner.AppTest -->
    </test> <!-- Default test -->
  </suite> <!-- Default suite -->
</testng-results>
