<?xml version="1.0" encoding="UTF-8"?>
<testng-results ignored="0" total="1" passed="1" failed="0" skipped="0">
  <reporter-output>
    <line>
      <![CDATA[Stock-000000023      Stock-000000023]]>
    </line>
  </reporter-output>
  <suite started-at="2024-12-31T16:00:32 IST" name="Default suite" finished-at="2024-12-31T16:01:11 IST" duration-ms="38667">
    <groups>
    </groups>
    <test started-at="2024-12-31T16:00:32 IST" name="Default test" finished-at="2024-12-31T16:01:11 IST" duration-ms="38667">
      <class name="driverFactory.AppTest">
        <test-method signature="kickStart()[pri:0, instance:driverFactory.AppTest@3349e9bb]" started-at="2024-12-31T16:00:32 IST" name="kickStart" finished-at="2024-12-31T16:01:11 IST" duration-ms="38578" status="PASS">
          <reporter-output>
            <line>
              <![CDATA[Stock-000000023      Stock-000000023]]>
            </line>
          </reporter-output>
        </test-method> <!-- kickStart -->
      </class> <!-- driverFactory.AppTest -->
    </test> <!-- Default test -->
  </suite> <!-- Default suite -->
</testng-results>
